2025-06-04T23:41:45.956-03:00  INFO 3096 --- [cadastro-autores-api] [main] i.g.l.cadastro_autores_api.Application   : Starting Application using Java 22 with PID 3096 (C:\Users\Lori\Desktop\cadastro-autores-api\target\classes started by Lori in C:\Users\Lori\Desktop\cadastro-autores-api)
2025-06-04T23:41:45.969-03:00 DEBUG 3096 --- [cadastro-autores-api] [main] i.g.l.cadastro_autores_api.Application   : Running with Spring Boot v3.4.4, Spring v6.2.5
2025-06-04T23:41:45.972-03:00  INFO 3096 --- [cadastro-autores-api] [main] i.g.l.cadastro_autores_api.Application   : The following 1 profile is active: "default"
2025-06-04T23:41:55.424-03:00  INFO 3096 --- [cadastro-autores-api] [main] i.g.l.c.config.DatabaseConfiguration     : Iniciando conex√£o com o banco na URL: jdbc:postgresql://livrariaapi-database.c982eacc4qfn.sa-east-1.rds.amazonaws.com:5432/livraria
2025-06-04T23:41:55.449-03:00  WARN 3096 --- [cadastro-autores-api] [main] com.zaxxer.hikari.HikariConfig           : livreria-db-pool - idleTimeout is close to or more than maxLifetime, disabling it.
2025-06-04T23:42:03.488-03:00 DEBUG 3096 --- [cadastro-autores-api] [main] o.s.w.f.ServerHttpObservationFilter      : Filter 'webMvcObservationFilter' configured for use
2025-06-04T23:42:03.491-03:00 DEBUG 3096 --- [cadastro-autores-api] [main] o.s.w.s.r.ResourceUrlEncodingFilter      : Filter 'resourceUrlEncodingFilter' configured for use
2025-06-04T23:42:03.491-03:00 DEBUG 3096 --- [cadastro-autores-api] [main] i.g.l.c.s.JwtCustomAuthenticationFilter  : Filter 'jwtCustomAuthenticationFilter' configured for use
2025-06-04T23:42:04.908-03:00  WARN 3096 --- [cadastro-autores-api] [main] JpaBaseConfiguration$JpaWebConfiguration : spring.jpa.open-in-view is enabled by default. Therefore, database queries may be performed during view rendering. Explicitly configure spring.jpa.open-in-view to disable this warning
2025-06-04T23:42:04.974-03:00 TRACE 3096 --- [cadastro-autores-api] [main] eGlobalAuthenticationAutowiredConfigurer : Eagerly initializing {authorizationServerConfiguration=io.github.lorimedeiros.cadastro_autores_api.config.AuthorizationServerConfiguration$$SpringCGLIB$$0@f3ae18f, securityConfiguration=io.github.lorimedeiros.cadastro_autores_api.config.SecurityConfiguration$$SpringCGLIB$$0@6b5fdbd0}
2025-06-04T23:42:04.978-03:00  INFO 3096 --- [cadastro-autores-api] [main] eAuthenticationProviderManagerConfigurer : Global AuthenticationManager configured with AuthenticationProvider bean with name customAuthenticationProvider
2025-06-04T23:42:05.507-03:00 DEBUG 3096 --- [cadastro-autores-api] [main] s.w.s.m.m.a.RequestMappingHandlerMapping : 22 mappings in 'requestMappingHandlerMapping'
2025-06-04T23:42:05.554-03:00 DEBUG 3096 --- [cadastro-autores-api] [main] o.s.w.s.handler.SimpleUrlHandlerMapping  : Patterns [/login] in 'viewControllerHandlerMapping'
2025-06-04T23:42:05.630-03:00 DEBUG 3096 --- [cadastro-autores-api] [main] o.s.w.s.handler.SimpleUrlHandlerMapping  : Patterns [/swagger-ui*/*swagger-initializer.js, /swagger-ui*/**] in 'resourceHandlerMapping'
2025-06-04T23:42:08.101-03:00 DEBUG 3096 --- [cadastro-autores-api] [main] o.s.s.web.DefaultSecurityFilterChain     : Will secure org.springframework.security.oauth2.server.authorization.config.annotation.web.configurers.OAuth2AuthorizationServerConfigurer$$Lambda/0x000001d91fb18688@6eb506d0 with filters: DisableEncodeUrlFilter, WebAsyncManagerIntegrationFilter, SecurityContextHolderFilter, AuthorizationServerContextFilter, HeaderWriterFilter, CsrfFilter, OidcLogoutEndpointFilter, LogoutFilter, OAuth2AuthorizationServerMetadataEndpointFilter, OAuth2AuthorizationEndpointFilter, OAuth2DeviceVerificationEndpointFilter, OidcProviderConfigurationEndpointFilter, NimbusJwkSetEndpointFilter, OAuth2ClientAuthenticationFilter, UsernamePasswordAuthenticationFilter, BearerTokenAuthenticationFilter, RequestCacheAwareFilter, SecurityContextHolderAwareRequestFilter, AnonymousAuthenticationFilter, ExceptionTranslationFilter, AuthorizationFilter, OAuth2TokenEndpointFilter, OAuth2TokenIntrospectionEndpointFilter, OAuth2TokenRevocationEndpointFilter, OAuth2DeviceAuthorizationEndpointFilter, OidcUserInfoEndpointFilter
2025-06-04T23:42:08.215-03:00 DEBUG 3096 --- [cadastro-autores-api] [main] o.s.s.web.DefaultSecurityFilterChain     : Will secure any request with filters: DisableEncodeUrlFilter, WebAsyncManagerIntegrationFilter, SecurityContextHolderFilter, HeaderWriterFilter, LogoutFilter, OAuth2AuthorizationRequestRedirectFilter, OAuth2LoginAuthenticationFilter, UsernamePasswordAuthenticationFilter, BearerTokenAuthenticationFilter, JwtCustomAuthenticationFilter, RequestCacheAwareFilter, SecurityContextHolderAwareRequestFilter, AnonymousAuthenticationFilter, ExceptionTranslationFilter, AuthorizationFilter
2025-06-04T23:42:08.246-03:00  WARN 3096 --- [cadastro-autores-api] [main] o.s.s.c.a.web.builders.WebSecurity       : You are asking Spring Security to ignore Deferred [Mvc [pattern='/v2/api-docs/**'], Ant [pattern='/v2/api-docs/**']]. This is not recommended -- please use permitAll via HttpSecurity#authorizeHttpRequests instead.
2025-06-04T23:42:08.247-03:00 DEBUG 3096 --- [cadastro-autores-api] [main] o.s.s.web.DefaultSecurityFilterChain     : Will not secure Deferred [Mvc [pattern='/v2/api-docs/**'], Ant [pattern='/v2/api-docs/**']]
2025-06-04T23:42:08.247-03:00  WARN 3096 --- [cadastro-autores-api] [main] o.s.s.c.a.web.builders.WebSecurity       : You are asking Spring Security to ignore Deferred [Mvc [pattern='/v3/api-docs/**'], Ant [pattern='/v3/api-docs/**']]. This is not recommended -- please use permitAll via HttpSecurity#authorizeHttpRequests instead.
2025-06-04T23:42:08.248-03:00 DEBUG 3096 --- [cadastro-autores-api] [main] o.s.s.web.DefaultSecurityFilterChain     : Will not secure Deferred [Mvc [pattern='/v3/api-docs/**'], Ant [pattern='/v3/api-docs/**']]
2025-06-04T23:42:08.248-03:00  WARN 3096 --- [cadastro-autores-api] [main] o.s.s.c.a.web.builders.WebSecurity       : You are asking Spring Security to ignore Deferred [Mvc [pattern='/swagger-resources/**'], Ant [pattern='/swagger-resources/**']]. This is not recommended -- please use permitAll via HttpSecurity#authorizeHttpRequests instead.
2025-06-04T23:42:08.248-03:00 DEBUG 3096 --- [cadastro-autores-api] [main] o.s.s.web.DefaultSecurityFilterChain     : Will not secure Deferred [Mvc [pattern='/swagger-resources/**'], Ant [pattern='/swagger-resources/**']]
2025-06-04T23:42:08.248-03:00  WARN 3096 --- [cadastro-autores-api] [main] o.s.s.c.a.web.builders.WebSecurity       : You are asking Spring Security to ignore Deferred [Mvc [pattern='/swagger-ui.html'], Ant [pattern='/swagger-ui.html']]. This is not recommended -- please use permitAll via HttpSecurity#authorizeHttpRequests instead.
2025-06-04T23:42:08.249-03:00 DEBUG 3096 --- [cadastro-autores-api] [main] o.s.s.web.DefaultSecurityFilterChain     : Will not secure Deferred [Mvc [pattern='/swagger-ui.html'], Ant [pattern='/swagger-ui.html']]
2025-06-04T23:42:08.249-03:00  WARN 3096 --- [cadastro-autores-api] [main] o.s.s.c.a.web.builders.WebSecurity       : You are asking Spring Security to ignore Deferred [Mvc [pattern='/swagger-ui/**'], Ant [pattern='/swagger-ui/**']]. This is not recommended -- please use permitAll via HttpSecurity#authorizeHttpRequests instead.
2025-06-04T23:42:08.250-03:00 DEBUG 3096 --- [cadastro-autores-api] [main] o.s.s.web.DefaultSecurityFilterChain     : Will not secure Deferred [Mvc [pattern='/swagger-ui/**'], Ant [pattern='/swagger-ui/**']]
2025-06-04T23:42:08.250-03:00  WARN 3096 --- [cadastro-autores-api] [main] o.s.s.c.a.web.builders.WebSecurity       : You are asking Spring Security to ignore Deferred [Mvc [pattern='/webjars/**'], Ant [pattern='/webjars/**']]. This is not recommended -- please use permitAll via HttpSecurity#authorizeHttpRequests instead.
2025-06-04T23:42:08.251-03:00 DEBUG 3096 --- [cadastro-autores-api] [main] o.s.s.web.DefaultSecurityFilterChain     : Will not secure Deferred [Mvc [pattern='/webjars/**'], Ant [pattern='/webjars/**']]
2025-06-04T23:42:08.251-03:00  WARN 3096 --- [cadastro-autores-api] [main] o.s.s.c.a.web.builders.WebSecurity       : You are asking Spring Security to ignore Deferred [Mvc [pattern='/actuator/**'], Ant [pattern='/actuator/**']]. This is not recommended -- please use permitAll via HttpSecurity#authorizeHttpRequests instead.
2025-06-04T23:42:08.251-03:00 DEBUG 3096 --- [cadastro-autores-api] [main] o.s.s.web.DefaultSecurityFilterChain     : Will not secure Deferred [Mvc [pattern='/actuator/**'], Ant [pattern='/actuator/**']]
2025-06-04T23:42:08.472-03:00 DEBUG 3096 --- [cadastro-autores-api] [main] s.w.s.m.m.a.RequestMappingHandlerAdapter : ControllerAdvice beans: 0 @ModelAttribute, 0 @InitBinder, 1 RequestBodyAdvice, 1 ResponseBodyAdvice
2025-06-04T23:42:08.696-03:00 DEBUG 3096 --- [cadastro-autores-api] [main] .m.m.a.ExceptionHandlerExceptionResolver : ControllerAdvice beans: 2 @ExceptionHandler, 1 ResponseBodyAdvice
2025-06-04T23:42:10.028-03:00  WARN 3096 --- [cadastro-autores-api] [main] ConfigServletWebServerApplicationContext : Exception encountered during context initialization - cancelling refresh attempt: org.springframework.context.ApplicationContextException: Failed to start bean 'webServerStartStop'
2025-06-04T23:42:10.194-03:00 ERROR 3096 --- [cadastro-autores-api] [main] o.s.b.d.LoggingFailureAnalysisReporter   : 

***************************
APPLICATION FAILED TO START
***************************

Description:

Web server failed to start. Port 8080 was already in use.

Action:

Identify and stop the process that's listening on port 8080 or configure this application to listen on another port.

2025-06-04T23:42:28.522-03:00  INFO 5572 --- [cadastro-autores-api] [main] i.g.l.cadastro_autores_api.Application   : Starting Application using Java 22 with PID 5572 (C:\Users\Lori\Desktop\cadastro-autores-api\target\classes started by Lori in C:\Users\Lori\Desktop\cadastro-autores-api)
2025-06-04T23:42:28.533-03:00 DEBUG 5572 --- [cadastro-autores-api] [main] i.g.l.cadastro_autores_api.Application   : Running with Spring Boot v3.4.4, Spring v6.2.5
2025-06-04T23:42:28.537-03:00  INFO 5572 --- [cadastro-autores-api] [main] i.g.l.cadastro_autores_api.Application   : The following 1 profile is active: "default"
2025-06-04T23:42:40.423-03:00  INFO 5572 --- [cadastro-autores-api] [main] i.g.l.c.config.DatabaseConfiguration     : Iniciando conex√£o com o banco na URL: jdbc:postgresql://livrariaapi-database.c982eacc4qfn.sa-east-1.rds.amazonaws.com:5432/livraria
2025-06-04T23:42:40.443-03:00  WARN 5572 --- [cadastro-autores-api] [main] com.zaxxer.hikari.HikariConfig           : livreria-db-pool - idleTimeout is close to or more than maxLifetime, disabling it.
2025-06-04T23:42:53.433-03:00 DEBUG 5572 --- [cadastro-autores-api] [main] o.s.w.f.ServerHttpObservationFilter      : Filter 'webMvcObservationFilter' configured for use
2025-06-04T23:42:53.441-03:00 DEBUG 5572 --- [cadastro-autores-api] [main] o.s.w.s.r.ResourceUrlEncodingFilter      : Filter 'resourceUrlEncodingFilter' configured for use
2025-06-04T23:42:53.442-03:00 DEBUG 5572 --- [cadastro-autores-api] [main] i.g.l.c.s.JwtCustomAuthenticationFilter  : Filter 'jwtCustomAuthenticationFilter' configured for use
2025-06-04T23:42:55.809-03:00  WARN 5572 --- [cadastro-autores-api] [main] JpaBaseConfiguration$JpaWebConfiguration : spring.jpa.open-in-view is enabled by default. Therefore, database queries may be performed during view rendering. Explicitly configure spring.jpa.open-in-view to disable this warning
2025-06-04T23:42:55.928-03:00 TRACE 5572 --- [cadastro-autores-api] [main] eGlobalAuthenticationAutowiredConfigurer : Eagerly initializing {authorizationServerConfiguration=io.github.lorimedeiros.cadastro_autores_api.config.AuthorizationServerConfiguration$$SpringCGLIB$$0@b61aa50, securityConfiguration=io.github.lorimedeiros.cadastro_autores_api.config.SecurityConfiguration$$SpringCGLIB$$0@252459b2}
2025-06-04T23:42:55.959-03:00  INFO 5572 --- [cadastro-autores-api] [main] eAuthenticationProviderManagerConfigurer : Global AuthenticationManager configured with AuthenticationProvider bean with name customAuthenticationProvider
2025-06-04T23:42:57.740-03:00 DEBUG 5572 --- [cadastro-autores-api] [main] s.w.s.m.m.a.RequestMappingHandlerMapping : 22 mappings in 'requestMappingHandlerMapping'
2025-06-04T23:42:58.027-03:00 DEBUG 5572 --- [cadastro-autores-api] [main] o.s.w.s.handler.SimpleUrlHandlerMapping  : Patterns [/login] in 'viewControllerHandlerMapping'
2025-06-04T23:42:58.185-03:00 DEBUG 5572 --- [cadastro-autores-api] [main] o.s.w.s.handler.SimpleUrlHandlerMapping  : Patterns [/swagger-ui*/*swagger-initializer.js, /swagger-ui*/**] in 'resourceHandlerMapping'
2025-06-04T23:43:01.701-03:00 DEBUG 5572 --- [cadastro-autores-api] [main] o.s.s.web.DefaultSecurityFilterChain     : Will secure org.springframework.security.oauth2.server.authorization.config.annotation.web.configurers.OAuth2AuthorizationServerConfigurer$$Lambda/0x0000022799b15d10@7e753fd6 with filters: DisableEncodeUrlFilter, WebAsyncManagerIntegrationFilter, SecurityContextHolderFilter, AuthorizationServerContextFilter, HeaderWriterFilter, CsrfFilter, OidcLogoutEndpointFilter, LogoutFilter, OAuth2AuthorizationServerMetadataEndpointFilter, OAuth2AuthorizationEndpointFilter, OAuth2DeviceVerificationEndpointFilter, OidcProviderConfigurationEndpointFilter, NimbusJwkSetEndpointFilter, OAuth2ClientAuthenticationFilter, UsernamePasswordAuthenticationFilter, BearerTokenAuthenticationFilter, RequestCacheAwareFilter, SecurityContextHolderAwareRequestFilter, AnonymousAuthenticationFilter, ExceptionTranslationFilter, AuthorizationFilter, OAuth2TokenEndpointFilter, OAuth2TokenIntrospectionEndpointFilter, OAuth2TokenRevocationEndpointFilter, OAuth2DeviceAuthorizationEndpointFilter, OidcUserInfoEndpointFilter
2025-06-04T23:43:01.900-03:00 DEBUG 5572 --- [cadastro-autores-api] [main] o.s.s.web.DefaultSecurityFilterChain     : Will secure any request with filters: DisableEncodeUrlFilter, WebAsyncManagerIntegrationFilter, SecurityContextHolderFilter, HeaderWriterFilter, LogoutFilter, OAuth2AuthorizationRequestRedirectFilter, OAuth2LoginAuthenticationFilter, UsernamePasswordAuthenticationFilter, BearerTokenAuthenticationFilter, JwtCustomAuthenticationFilter, RequestCacheAwareFilter, SecurityContextHolderAwareRequestFilter, AnonymousAuthenticationFilter, ExceptionTranslationFilter, AuthorizationFilter
2025-06-04T23:43:01.944-03:00  WARN 5572 --- [cadastro-autores-api] [main] o.s.s.c.a.web.builders.WebSecurity       : You are asking Spring Security to ignore Deferred [Mvc [pattern='/v2/api-docs/**'], Ant [pattern='/v2/api-docs/**']]. This is not recommended -- please use permitAll via HttpSecurity#authorizeHttpRequests instead.
2025-06-04T23:43:01.944-03:00 DEBUG 5572 --- [cadastro-autores-api] [main] o.s.s.web.DefaultSecurityFilterChain     : Will not secure Deferred [Mvc [pattern='/v2/api-docs/**'], Ant [pattern='/v2/api-docs/**']]
2025-06-04T23:43:01.945-03:00  WARN 5572 --- [cadastro-autores-api] [main] o.s.s.c.a.web.builders.WebSecurity       : You are asking Spring Security to ignore Deferred [Mvc [pattern='/v3/api-docs/**'], Ant [pattern='/v3/api-docs/**']]. This is not recommended -- please use permitAll via HttpSecurity#authorizeHttpRequests instead.
2025-06-04T23:43:01.946-03:00 DEBUG 5572 --- [cadastro-autores-api] [main] o.s.s.web.DefaultSecurityFilterChain     : Will not secure Deferred [Mvc [pattern='/v3/api-docs/**'], Ant [pattern='/v3/api-docs/**']]
2025-06-04T23:43:01.946-03:00  WARN 5572 --- [cadastro-autores-api] [main] o.s.s.c.a.web.builders.WebSecurity       : You are asking Spring Security to ignore Deferred [Mvc [pattern='/swagger-resources/**'], Ant [pattern='/swagger-resources/**']]. This is not recommended -- please use permitAll via HttpSecurity#authorizeHttpRequests instead.
2025-06-04T23:43:01.947-03:00 DEBUG 5572 --- [cadastro-autores-api] [main] o.s.s.web.DefaultSecurityFilterChain     : Will not secure Deferred [Mvc [pattern='/swagger-resources/**'], Ant [pattern='/swagger-resources/**']]
2025-06-04T23:43:01.947-03:00  WARN 5572 --- [cadastro-autores-api] [main] o.s.s.c.a.web.builders.WebSecurity       : You are asking Spring Security to ignore Deferred [Mvc [pattern='/swagger-ui.html'], Ant [pattern='/swagger-ui.html']]. This is not recommended -- please use permitAll via HttpSecurity#authorizeHttpRequests instead.
2025-06-04T23:43:01.948-03:00 DEBUG 5572 --- [cadastro-autores-api] [main] o.s.s.web.DefaultSecurityFilterChain     : Will not secure Deferred [Mvc [pattern='/swagger-ui.html'], Ant [pattern='/swagger-ui.html']]
2025-06-04T23:43:01.949-03:00  WARN 5572 --- [cadastro-autores-api] [main] o.s.s.c.a.web.builders.WebSecurity       : You are asking Spring Security to ignore Deferred [Mvc [pattern='/swagger-ui/**'], Ant [pattern='/swagger-ui/**']]. This is not recommended -- please use permitAll via HttpSecurity#authorizeHttpRequests instead.
2025-06-04T23:43:01.949-03:00 DEBUG 5572 --- [cadastro-autores-api] [main] o.s.s.web.DefaultSecurityFilterChain     : Will not secure Deferred [Mvc [pattern='/swagger-ui/**'], Ant [pattern='/swagger-ui/**']]
2025-06-04T23:43:01.949-03:00  WARN 5572 --- [cadastro-autores-api] [main] o.s.s.c.a.web.builders.WebSecurity       : You are asking Spring Security to ignore Deferred [Mvc [pattern='/webjars/**'], Ant [pattern='/webjars/**']]. This is not recommended -- please use permitAll via HttpSecurity#authorizeHttpRequests instead.
2025-06-04T23:43:01.950-03:00 DEBUG 5572 --- [cadastro-autores-api] [main] o.s.s.web.DefaultSecurityFilterChain     : Will not secure Deferred [Mvc [pattern='/webjars/**'], Ant [pattern='/webjars/**']]
2025-06-04T23:43:01.950-03:00  WARN 5572 --- [cadastro-autores-api] [main] o.s.s.c.a.web.builders.WebSecurity       : You are asking Spring Security to ignore Deferred [Mvc [pattern='/actuator/**'], Ant [pattern='/actuator/**']]. This is not recommended -- please use permitAll via HttpSecurity#authorizeHttpRequests instead.
2025-06-04T23:43:01.950-03:00 DEBUG 5572 --- [cadastro-autores-api] [main] o.s.s.web.DefaultSecurityFilterChain     : Will not secure Deferred [Mvc [pattern='/actuator/**'], Ant [pattern='/actuator/**']]
2025-06-04T23:43:02.185-03:00 DEBUG 5572 --- [cadastro-autores-api] [main] s.w.s.m.m.a.RequestMappingHandlerAdapter : ControllerAdvice beans: 0 @ModelAttribute, 0 @InitBinder, 1 RequestBodyAdvice, 1 ResponseBodyAdvice
2025-06-04T23:43:02.659-03:00 DEBUG 5572 --- [cadastro-autores-api] [main] .m.m.a.ExceptionHandlerExceptionResolver : ControllerAdvice beans: 2 @ExceptionHandler, 1 ResponseBodyAdvice
2025-06-04T23:43:04.285-03:00  WARN 5572 --- [cadastro-autores-api] [main] ConfigServletWebServerApplicationContext : Exception encountered during context initialization - cancelling refresh attempt: org.springframework.context.ApplicationContextException: Failed to start bean 'webServerStartStop'
2025-06-04T23:43:04.514-03:00 ERROR 5572 --- [cadastro-autores-api] [main] o.s.b.d.LoggingFailureAnalysisReporter   : 

***************************
APPLICATION FAILED TO START
***************************

Description:

Web server failed to start. Port 8080 was already in use.

Action:

Identify and stop the process that's listening on port 8080 or configure this application to listen on another port.

2025-06-04T23:43:40.557-03:00  INFO 11000 --- [cadastro-autores-api] [main] i.g.l.cadastro_autores_api.Application   : Starting Application v0.0.1-SNAPSHOT using Java 22 with PID 11000 (C:\Users\Lori\Desktop\cadastro-autores-api\target\cadastro-autores-api-0.0.1-SNAPSHOT.jar started by Lori in C:\Users\Lori\Desktop\cadastro-autores-api)
2025-06-04T23:43:40.564-03:00 DEBUG 11000 --- [cadastro-autores-api] [main] i.g.l.cadastro_autores_api.Application   : Running with Spring Boot v3.4.4, Spring v6.2.5
2025-06-04T23:43:40.566-03:00  INFO 11000 --- [cadastro-autores-api] [main] i.g.l.cadastro_autores_api.Application   : No active profile set, falling back to 1 default profile: "default"
2025-06-04T23:43:47.501-03:00  INFO 11000 --- [cadastro-autores-api] [main] i.g.l.c.config.DatabaseConfiguration     : Iniciando conex„o com o banco na URL: jdbc:postgresql://localhost:5432/livraria
2025-06-04T23:43:47.532-03:00  WARN 11000 --- [cadastro-autores-api] [main] com.zaxxer.hikari.HikariConfig           : livreria-db-pool - idleTimeout is close to or more than maxLifetime, disabling it.
2025-06-04T23:46:35.627-03:00  INFO 9960 --- [cadastro-autores-api] [main] i.g.l.cadastro_autores_api.Application   : Starting Application using Java 22 with PID 9960 (C:\Users\Lori\Desktop\cadastro-autores-api\target\classes started by Lori in C:\Users\Lori\Desktop\cadastro-autores-api)
2025-06-04T23:46:35.630-03:00 DEBUG 9960 --- [cadastro-autores-api] [main] i.g.l.cadastro_autores_api.Application   : Running with Spring Boot v3.4.4, Spring v6.2.5
2025-06-04T23:46:35.632-03:00  INFO 9960 --- [cadastro-autores-api] [main] i.g.l.cadastro_autores_api.Application   : The following 1 profile is active: "default"
2025-06-04T23:46:42.137-03:00  INFO 9960 --- [cadastro-autores-api] [main] i.g.l.c.config.DatabaseConfiguration     : Iniciando conex√£o com o banco na URL: jdbc:postgresql://livrariaapi-database.c982eacc4qfn.sa-east-1.rds.amazonaws.com:5432/livraria
2025-06-04T23:46:42.146-03:00  WARN 9960 --- [cadastro-autores-api] [main] com.zaxxer.hikari.HikariConfig           : livreria-db-pool - idleTimeout is close to or more than maxLifetime, disabling it.
2025-06-04T23:46:48.171-03:00 DEBUG 9960 --- [cadastro-autores-api] [main] o.s.w.f.ServerHttpObservationFilter      : Filter 'webMvcObservationFilter' configured for use
2025-06-04T23:46:48.173-03:00 DEBUG 9960 --- [cadastro-autores-api] [main] o.s.w.s.r.ResourceUrlEncodingFilter      : Filter 'resourceUrlEncodingFilter' configured for use
2025-06-04T23:46:48.174-03:00 DEBUG 9960 --- [cadastro-autores-api] [main] i.g.l.c.s.JwtCustomAuthenticationFilter  : Filter 'jwtCustomAuthenticationFilter' configured for use
2025-06-04T23:46:49.170-03:00  WARN 9960 --- [cadastro-autores-api] [main] JpaBaseConfiguration$JpaWebConfiguration : spring.jpa.open-in-view is enabled by default. Therefore, database queries may be performed during view rendering. Explicitly configure spring.jpa.open-in-view to disable this warning
2025-06-04T23:46:49.217-03:00 TRACE 9960 --- [cadastro-autores-api] [main] eGlobalAuthenticationAutowiredConfigurer : Eagerly initializing {authorizationServerConfiguration=io.github.lorimedeiros.cadastro_autores_api.config.AuthorizationServerConfiguration$$SpringCGLIB$$0@f3ae18f, securityConfiguration=io.github.lorimedeiros.cadastro_autores_api.config.SecurityConfiguration$$SpringCGLIB$$0@730a140b}
2025-06-04T23:46:49.219-03:00  INFO 9960 --- [cadastro-autores-api] [main] eAuthenticationProviderManagerConfigurer : Global AuthenticationManager configured with AuthenticationProvider bean with name customAuthenticationProvider
2025-06-04T23:46:49.598-03:00 DEBUG 9960 --- [cadastro-autores-api] [main] s.w.s.m.m.a.RequestMappingHandlerMapping : 22 mappings in 'requestMappingHandlerMapping'
2025-06-04T23:46:49.659-03:00 DEBUG 9960 --- [cadastro-autores-api] [main] o.s.w.s.handler.SimpleUrlHandlerMapping  : Patterns [/login] in 'viewControllerHandlerMapping'
2025-06-04T23:46:49.733-03:00 DEBUG 9960 --- [cadastro-autores-api] [main] o.s.w.s.handler.SimpleUrlHandlerMapping  : Patterns [/swagger-ui*/*swagger-initializer.js, /swagger-ui*/**] in 'resourceHandlerMapping'
2025-06-04T23:46:51.391-03:00 DEBUG 9960 --- [cadastro-autores-api] [main] o.s.s.web.DefaultSecurityFilterChain     : Will secure org.springframework.security.oauth2.server.authorization.config.annotation.web.configurers.OAuth2AuthorizationServerConfigurer$$Lambda/0x0000026201b13848@74fa4891 with filters: DisableEncodeUrlFilter, WebAsyncManagerIntegrationFilter, SecurityContextHolderFilter, AuthorizationServerContextFilter, HeaderWriterFilter, CsrfFilter, OidcLogoutEndpointFilter, LogoutFilter, OAuth2AuthorizationServerMetadataEndpointFilter, OAuth2AuthorizationEndpointFilter, OAuth2DeviceVerificationEndpointFilter, OidcProviderConfigurationEndpointFilter, NimbusJwkSetEndpointFilter, OAuth2ClientAuthenticationFilter, UsernamePasswordAuthenticationFilter, BearerTokenAuthenticationFilter, RequestCacheAwareFilter, SecurityContextHolderAwareRequestFilter, AnonymousAuthenticationFilter, ExceptionTranslationFilter, AuthorizationFilter, OAuth2TokenEndpointFilter, OAuth2TokenIntrospectionEndpointFilter, OAuth2TokenRevocationEndpointFilter, OAuth2DeviceAuthorizationEndpointFilter, OidcUserInfoEndpointFilter
2025-06-04T23:46:51.577-03:00 DEBUG 9960 --- [cadastro-autores-api] [main] o.s.s.web.DefaultSecurityFilterChain     : Will secure any request with filters: DisableEncodeUrlFilter, WebAsyncManagerIntegrationFilter, SecurityContextHolderFilter, HeaderWriterFilter, LogoutFilter, OAuth2AuthorizationRequestRedirectFilter, OAuth2LoginAuthenticationFilter, UsernamePasswordAuthenticationFilter, BearerTokenAuthenticationFilter, JwtCustomAuthenticationFilter, RequestCacheAwareFilter, SecurityContextHolderAwareRequestFilter, AnonymousAuthenticationFilter, ExceptionTranslationFilter, AuthorizationFilter
2025-06-04T23:46:51.628-03:00  WARN 9960 --- [cadastro-autores-api] [main] o.s.s.c.a.web.builders.WebSecurity       : You are asking Spring Security to ignore Deferred [Mvc [pattern='/v2/api-docs/**'], Ant [pattern='/v2/api-docs/**']]. This is not recommended -- please use permitAll via HttpSecurity#authorizeHttpRequests instead.
2025-06-04T23:46:51.629-03:00 DEBUG 9960 --- [cadastro-autores-api] [main] o.s.s.web.DefaultSecurityFilterChain     : Will not secure Deferred [Mvc [pattern='/v2/api-docs/**'], Ant [pattern='/v2/api-docs/**']]
2025-06-04T23:46:51.631-03:00  WARN 9960 --- [cadastro-autores-api] [main] o.s.s.c.a.web.builders.WebSecurity       : You are asking Spring Security to ignore Deferred [Mvc [pattern='/v3/api-docs/**'], Ant [pattern='/v3/api-docs/**']]. This is not recommended -- please use permitAll via HttpSecurity#authorizeHttpRequests instead.
2025-06-04T23:46:51.631-03:00 DEBUG 9960 --- [cadastro-autores-api] [main] o.s.s.web.DefaultSecurityFilterChain     : Will not secure Deferred [Mvc [pattern='/v3/api-docs/**'], Ant [pattern='/v3/api-docs/**']]
2025-06-04T23:46:51.631-03:00  WARN 9960 --- [cadastro-autores-api] [main] o.s.s.c.a.web.builders.WebSecurity       : You are asking Spring Security to ignore Deferred [Mvc [pattern='/swagger-resources/**'], Ant [pattern='/swagger-resources/**']]. This is not recommended -- please use permitAll via HttpSecurity#authorizeHttpRequests instead.
2025-06-04T23:46:51.631-03:00 DEBUG 9960 --- [cadastro-autores-api] [main] o.s.s.web.DefaultSecurityFilterChain     : Will not secure Deferred [Mvc [pattern='/swagger-resources/**'], Ant [pattern='/swagger-resources/**']]
2025-06-04T23:46:51.631-03:00  WARN 9960 --- [cadastro-autores-api] [main] o.s.s.c.a.web.builders.WebSecurity       : You are asking Spring Security to ignore Deferred [Mvc [pattern='/swagger-ui.html'], Ant [pattern='/swagger-ui.html']]. This is not recommended -- please use permitAll via HttpSecurity#authorizeHttpRequests instead.
2025-06-04T23:46:51.632-03:00 DEBUG 9960 --- [cadastro-autores-api] [main] o.s.s.web.DefaultSecurityFilterChain     : Will not secure Deferred [Mvc [pattern='/swagger-ui.html'], Ant [pattern='/swagger-ui.html']]
2025-06-04T23:46:51.633-03:00  WARN 9960 --- [cadastro-autores-api] [main] o.s.s.c.a.web.builders.WebSecurity       : You are asking Spring Security to ignore Deferred [Mvc [pattern='/swagger-ui/**'], Ant [pattern='/swagger-ui/**']]. This is not recommended -- please use permitAll via HttpSecurity#authorizeHttpRequests instead.
2025-06-04T23:46:51.633-03:00 DEBUG 9960 --- [cadastro-autores-api] [main] o.s.s.web.DefaultSecurityFilterChain     : Will not secure Deferred [Mvc [pattern='/swagger-ui/**'], Ant [pattern='/swagger-ui/**']]
2025-06-04T23:46:51.634-03:00  WARN 9960 --- [cadastro-autores-api] [main] o.s.s.c.a.web.builders.WebSecurity       : You are asking Spring Security to ignore Deferred [Mvc [pattern='/webjars/**'], Ant [pattern='/webjars/**']]. This is not recommended -- please use permitAll via HttpSecurity#authorizeHttpRequests instead.
2025-06-04T23:46:51.634-03:00 DEBUG 9960 --- [cadastro-autores-api] [main] o.s.s.web.DefaultSecurityFilterChain     : Will not secure Deferred [Mvc [pattern='/webjars/**'], Ant [pattern='/webjars/**']]
2025-06-04T23:46:51.634-03:00  WARN 9960 --- [cadastro-autores-api] [main] o.s.s.c.a.web.builders.WebSecurity       : You are asking Spring Security to ignore Deferred [Mvc [pattern='/actuator/**'], Ant [pattern='/actuator/**']]. This is not recommended -- please use permitAll via HttpSecurity#authorizeHttpRequests instead.
2025-06-04T23:46:51.634-03:00 DEBUG 9960 --- [cadastro-autores-api] [main] o.s.s.web.DefaultSecurityFilterChain     : Will not secure Deferred [Mvc [pattern='/actuator/**'], Ant [pattern='/actuator/**']]
2025-06-04T23:46:51.828-03:00 DEBUG 9960 --- [cadastro-autores-api] [main] s.w.s.m.m.a.RequestMappingHandlerAdapter : ControllerAdvice beans: 0 @ModelAttribute, 0 @InitBinder, 1 RequestBodyAdvice, 1 ResponseBodyAdvice
2025-06-04T23:46:52.057-03:00 DEBUG 9960 --- [cadastro-autores-api] [main] .m.m.a.ExceptionHandlerExceptionResolver : ControllerAdvice beans: 2 @ExceptionHandler, 1 ResponseBodyAdvice
2025-06-04T23:46:53.232-03:00  WARN 9960 --- [cadastro-autores-api] [main] ConfigServletWebServerApplicationContext : Exception encountered during context initialization - cancelling refresh attempt: org.springframework.context.ApplicationContextException: Failed to start bean 'webServerStartStop'
2025-06-04T23:46:53.386-03:00 ERROR 9960 --- [cadastro-autores-api] [main] o.s.b.d.LoggingFailureAnalysisReporter   : 

***************************
APPLICATION FAILED TO START
***************************

Description:

Web server failed to start. Port 8080 was already in use.

Action:

Identify and stop the process that's listening on port 8080 or configure this application to listen on another port.

